findfont: Font family ['DIN Condensed'] not found. Falling back to DejaVu Sans.
findfont: Font family ['Arial'] not found. Falling back to DejaVu Sans.
Traceback (most recent call last):
  File "/home/gridsan/sfard/Projects/JetMonteCarlo/jetmontecarlo/utils/montecarlo_utils.py", line 114, in samples_from_cdf
    inv_cdf = inversefunc(cdf, domain=domain, image=[0,1])
  File "/home/gridsan/sfard/.local/lib/python3.8/site-packages/pynverse/inverse.py", line 116, in inversefunc
    raise ValueError("Function is not strictly monotonic")
ValueError: Function is not strictly monotonic

During handling of the above exception, another exception occurred:

Traceback (most recent call last):
  File "examples/comparison_plots/sudakov_comparison_numeric.py", line 885, in <module>
    compare_crit_and_sub()
  File "examples/comparison_plots/sudakov_comparison_numeric.py", line 518, in compare_crit_and_sub
    plot_mc_crit_and_sub(axes_pdf, axes_cdf, z_cut, beta, icol=i)
  File "examples/comparison_plots/sudakov_comparison_numeric.py", line 460, in plot_mc_crit_and_sub
    c_sub = samples_from_cdf(cdf_sub_conditional, 1,
  File "/home/gridsan/sfard/Projects/JetMonteCarlo/jetmontecarlo/utils/montecarlo_utils.py", line 139, in samples_from_cdf
    if bad_xvals_low[0] == pnts[0] and bad_cdf_low[0] == 1:
IndexError: index 0 is out of bounds for axis 0 with size 0
